#
# There is insufficient memory for the Java Runtime Environment to continue.
# Native memory allocation (malloc) failed to allocate 1098896 bytes for Chunk::new
# Possible reasons:
#   The system is out of physical RAM or swap space
#   The process is running with CompressedOops enabled, and the Java Heap may be blocking the growth of the native heap
# Possible solutions:
#   Reduce memory load on the system
#   Increase physical memory or swap space
#   Check if swap backing store is full
#   Decrease Java heap size (-Xmx/-Xms)
#   Decrease number of Java threads
#   Decrease Java thread stack sizes (-Xss)
#   Set larger code cache with -XX:ReservedCodeCacheSize=
#   JVM is running with Unscaled Compressed Oops mode in which the Java heap is
#     placed in the first 4GB address space. The Java Heap base address is the
#     maximum limit for the native heap growth. Please use -XX:HeapBaseMinAddress
#     to set the Java Heap base and to place the Java Heap above 4GB virtual address.
# This output file may be truncated or incomplete.
#
#  Out of Memory Error (arena.cpp:189), pid=7028, tid=2720
#
# JRE version: OpenJDK Runtime Environment (17.0.6) (build 17.0.6+0-b2043.56-10027231)
# Java VM: OpenJDK 64-Bit Server VM (17.0.6+0-b2043.56-10027231, mixed mode, tiered, compressed oops, compressed class ptrs, g1 gc, windows-amd64)
# No core dump will be written. Minidumps are not enabled by default on client versions of Windows
#

---------------  S U M M A R Y ------------

Command Line: org.jetbrains.kotlin.cli.jvm.K2JVMCompiler @C:\Users\NICOLAS\Documents\AndroidStudio\Parcial2\app\build\20240405_8890525410237957366.compiler.options

Host: Intel(R) Core(TM) i3-6006U CPU @ 2.00GHz, 4 cores, 3G,  Windows 10 , 64 bit Build 19041 (10.0.19041.3636)
Time: Fri Apr  5 21:18:53 2024 Hora est. Pacífico, Sudamérica elapsed time: 19.047078 seconds (0d 0h 0m 19s)

---------------  T H R E A D  ---------------

Current thread (0x000002997e622380):  JavaThread "C2 CompilerThread0" daemon [_thread_in_native, id=2720, stack(0x000000f0a3600000,0x000000f0a3700000)]


Current CompileTask:
C2:  19047 3092       4       org.jetbrains.kotlin.load.java.structure.impl.classFiles.BinaryClassSignatureParser::parseParameterizedClassRefSignature (262 bytes)

Stack: [0x000000f0a3600000,0x000000f0a3700000]
Native frames: (J=compiled Java code, j=interpreted, Vv=VM code, C=native code)
V  [jvm.dll+0x683c9a]
V  [jvm.dll+0x8427a4]
V  [jvm.dll+0x843f9e]
V  [jvm.dll+0x844603]
V  [jvm.dll+0x249b75]
V  [jvm.dll+0xabcac]
V  [jvm.dll+0xac27c]
V  [jvm.dll+0x368802]
V  [jvm.dll+0x332f31]
V  [jvm.dll+0x3323da]
V  [jvm.dll+0x21c201]
V  [jvm.dll+0x21b621]
V  [jvm.dll+0x1a4fdd]
V  [jvm.dll+0x22b098]
V  [jvm.dll+0x229159]
V  [jvm.dll+0x7f81ec]
V  [jvm.dll+0x7f274a]
V  [jvm.dll+0x682ad5]
C  [ucrtbase.dll+0x21bb2]
C  [KERNEL32.DLL+0x17344]
C  [ntdll.dll+0x526b1]


---------------  P R O C E S S  ---------------

Threads class SMR info:
_java_thread_list=0x000002997f11c030, length=12, elements={
0x0000029976727780, 0x000002997e5a6700, 0x000002997e5a78c0, 0x000002997e614d50,
0x000002997e615900, 0x000002997e6193d0, 0x000002997e619d80, 0x000002997e622380,
0x000002997e62b190, 0x000002997f04ffe0, 0x000002997f147a00, 0x000002997f15a9e0
}

Java Threads: ( => current thread )
  0x0000029976727780 JavaThread "main" [_thread_in_Java, id=7788, stack(0x000000f0a2900000,0x000000f0a2a00000)]
  0x000002997e5a6700 JavaThread "Reference Handler" daemon [_thread_blocked, id=2304, stack(0x000000f0a3000000,0x000000f0a3100000)]
  0x000002997e5a78c0 JavaThread "Finalizer" daemon [_thread_blocked, id=1156, stack(0x000000f0a3100000,0x000000f0a3200000)]
  0x000002997e614d50 JavaThread "Signal Dispatcher" daemon [_thread_blocked, id=4696, stack(0x000000f0a3200000,0x000000f0a3300000)]
  0x000002997e615900 JavaThread "Attach Listener" daemon [_thread_blocked, id=2944, stack(0x000000f0a3300000,0x000000f0a3400000)]
  0x000002997e6193d0 JavaThread "Service Thread" daemon [_thread_blocked, id=3932, stack(0x000000f0a3400000,0x000000f0a3500000)]
  0x000002997e619d80 JavaThread "Monitor Deflation Thread" daemon [_thread_blocked, id=7392, stack(0x000000f0a3500000,0x000000f0a3600000)]
=>0x000002997e622380 JavaThread "C2 CompilerThread0" daemon [_thread_in_native, id=2720, stack(0x000000f0a3600000,0x000000f0a3700000)]
  0x000002997e62b190 JavaThread "C1 CompilerThread0" daemon [_thread_in_native, id=6912, stack(0x000000f0a3700000,0x000000f0a3800000)]
  0x000002997f04ffe0 JavaThread "Sweeper thread" daemon [_thread_blocked, id=6452, stack(0x000000f0a3800000,0x000000f0a3900000)]
  0x000002997f147a00 JavaThread "Notification Thread" daemon [_thread_blocked, id=10716, stack(0x000000f0a3900000,0x000000f0a3a00000)]
  0x000002997f15a9e0 JavaThread "Common-Cleaner" daemon [_thread_blocked, id=7556, stack(0x000000f0a3b00000,0x000000f0a3c00000)]

Other Threads:
  0x00000299767eeaa0 VMThread "VM Thread" [stack: 0x000000f0a2f00000,0x000000f0a3000000] [id=5332]
  0x000002997f1482e0 WatcherThread [stack: 0x000000f0a3a00000,0x000000f0a3b00000] [id=6172]
  0x0000029976763b80 GCTaskThread "GC Thread#0" [stack: 0x000000f0a2a00000,0x000000f0a2b00000] [id=2116]
  0x000002997f543ba0 GCTaskThread "GC Thread#1" [stack: 0x000000f0a3c00000,0x000000f0a3d00000] [id=9308]
  0x000002997f55a6a0 GCTaskThread "GC Thread#2" [stack: 0x000000f0a3d00000,0x000000f0a3e00000] [id=10144]
  0x000002997f55b5a0 GCTaskThread "GC Thread#3" [stack: 0x000000f0a3e00000,0x000000f0a3f00000] [id=2440]
  0x000002997676c7d0 ConcurrentGCThread "G1 Main Marker" [stack: 0x000000f0a2b00000,0x000000f0a2c00000] [id=8080]
  0x000002997676d980 ConcurrentGCThread "G1 Conc#0" [stack: 0x000000f0a2c00000,0x000000f0a2d00000] [id=8636]
  0x00000299767c12d0 ConcurrentGCThread "G1 Refine#0" [stack: 0x000000f0a2d00000,0x000000f0a2e00000] [id=10080]
  0x0000029910303e30 ConcurrentGCThread "G1 Refine#1" [stack: 0x000000f0a3f00000,0x000000f0a4000000] [id=5164]
  0x00000299767c1dc0 ConcurrentGCThread "G1 Service" [stack: 0x000000f0a2e00000,0x000000f0a2f00000] [id=12280]

Threads with active compile tasks:
C2 CompilerThread0    19138 3092       4       org.jetbrains.kotlin.load.java.structure.impl.classFiles.BinaryClassSignatureParser::parseParameterizedClassRefSignature (262 bytes)
C1 CompilerThread0    19138 3223       3       org.jetbrains.kotlin.serialization.deserialization.descriptors.DeserializedPackageMemberScope::recordLookup (33 bytes)

VM state: not at safepoint (normal execution)

VM Mutex/Monitor currently owned by a thread: None

Heap address: 0x00000000c1e00000, size: 994 MB, Compressed Oops mode: 32-bit

CDS archive(s) not mapped
Compressed class space mapped at: 0x0000000100000000-0x0000000140000000, reserved size: 1073741824
Narrow klass base: 0x0000000000000000, Narrow klass shift: 3, Narrow klass range: 0x140000000

GC Precious Log:
 CPUs: 4 total, 4 available
 Memory: 3971M
 Large Page Support: Disabled
 NUMA Support: Disabled
 Compressed Oops: Enabled (32-bit)
 Heap Region Size: 1M
 Heap Min Capacity: 8M
 Heap Initial Capacity: 64M
 Heap Max Capacity: 994M
 Pre-touch: Disabled
 Parallel Workers: 4
 Concurrent Workers: 1
 Concurrent Refinement Workers: 4
 Periodic GC: Disabled

Heap:
 garbage-first heap   total 57344K, used 37665K [0x00000000c1e00000, 0x0000000100000000)
  region size 1024K, 19 young (19456K), 3 survivors (3072K)
 Metaspace       used 46487K, committed 46656K, reserved 1097728K
  class space    used 5671K, committed 5760K, reserved 1048576K

Heap Regions: E=young(eden), S=young(survivor), O=old, HS=humongous(starts), HC=humongous(continues), CS=collection set, F=free, OA=open archive, CA=closed archive, TAMS=top-at-mark-start (previous, next)
|   0|0x00000000c1e00000, 0x00000000c1f00000, 0x00000000c1f00000|100%|HS|  |TAMS 0x00000000c1f00000, 0x00000000c1e00000| Complete 
|   1|0x00000000c1f00000, 0x00000000c2000000, 0x00000000c2000000|100%|HC|  |TAMS 0x00000000c2000000, 0x00000000c1f00000| Complete 
|   2|0x00000000c2000000, 0x00000000c2100000, 0x00000000c2100000|100%|HC|  |TAMS 0x00000000c2100000, 0x00000000c2000000| Complete 
|   3|0x00000000c2100000, 0x00000000c2200000, 0x00000000c2200000|100%|HC|  |TAMS 0x00000000c2200000, 0x00000000c2100000| Complete 
|   4|0x00000000c2200000, 0x00000000c2300000, 0x00000000c2300000|100%| O|  |TAMS 0x00000000c2300000, 0x00000000c2200000| Untracked 
|   5|0x00000000c2300000, 0x00000000c23fdc00, 0x00000000c2400000| 99%| O|  |TAMS 0x00000000c23fdc00, 0x00000000c2300000| Untracked 
|   6|0x00000000c2400000, 0x00000000c2500000, 0x00000000c2500000|100%| O|  |TAMS 0x00000000c2500000, 0x00000000c2400000| Untracked 
|   7|0x00000000c2500000, 0x00000000c2600000, 0x00000000c2600000|100%| O|  |TAMS 0x00000000c2600000, 0x00000000c2500000| Untracked 
|   8|0x00000000c2600000, 0x00000000c2600000, 0x00000000c2700000|  0%| F|  |TAMS 0x00000000c2600000, 0x00000000c2600000| Untracked 
|   9|0x00000000c2700000, 0x00000000c2800000, 0x00000000c2800000|100%| O|  |TAMS 0x00000000c2800000, 0x00000000c2700000| Untracked 
|  10|0x00000000c2800000, 0x00000000c2900000, 0x00000000c2900000|100%| O|  |TAMS 0x00000000c2900000, 0x00000000c2800000| Untracked 
|  11|0x00000000c2900000, 0x00000000c2a00000, 0x00000000c2a00000|100%| O|  |TAMS 0x00000000c2a00000, 0x00000000c2900000| Untracked 
|  12|0x00000000c2a00000, 0x00000000c2b00000, 0x00000000c2b00000|100%| O|  |TAMS 0x00000000c2b00000, 0x00000000c2a00000| Untracked 
|  13|0x00000000c2b00000, 0x00000000c2c00000, 0x00000000c2c00000|100%| O|  |TAMS 0x00000000c2c00000, 0x00000000c2b00000| Untracked 
|  14|0x00000000c2c00000, 0x00000000c2d00000, 0x00000000c2d00000|100%| O|  |TAMS 0x00000000c2d00000, 0x00000000c2c00000| Untracked 
|  15|0x00000000c2d00000, 0x00000000c2e00000, 0x00000000c2e00000|100%| O|  |TAMS 0x00000000c2e00000, 0x00000000c2d00000| Untracked 
|  16|0x00000000c2e00000, 0x00000000c2f00000, 0x00000000c2f00000|100%| O|  |TAMS 0x00000000c2f00000, 0x00000000c2e00000| Untracked 
|  17|0x00000000c2f00000, 0x00000000c3000000, 0x00000000c3000000|100%| O|  |TAMS 0x00000000c3000000, 0x00000000c2f00000| Untracked 
|  18|0x00000000c3000000, 0x00000000c3073600, 0x00000000c3100000| 45%| O|  |TAMS 0x00000000c3073600, 0x00000000c3000000| Untracked 
|  19|0x00000000c3100000, 0x00000000c3200000, 0x00000000c3200000|100%|HS|  |TAMS 0x00000000c3100000, 0x00000000c3100000| Complete 
|  20|0x00000000c3200000, 0x00000000c3300000, 0x00000000c3300000|100%|HC|  |TAMS 0x00000000c3200000, 0x00000000c3200000| Complete 
|  21|0x00000000c3300000, 0x00000000c3300000, 0x00000000c3400000|  0%| F|  |TAMS 0x00000000c3300000, 0x00000000c3300000| Untracked 
|  22|0x00000000c3400000, 0x00000000c3400000, 0x00000000c3500000|  0%| F|  |TAMS 0x00000000c3400000, 0x00000000c3400000| Untracked 
|  23|0x00000000c3500000, 0x00000000c3500000, 0x00000000c3600000|  0%| F|  |TAMS 0x00000000c3500000, 0x00000000c3500000| Untracked 
|  24|0x00000000c3600000, 0x00000000c3600000, 0x00000000c3700000|  0%| F|  |TAMS 0x00000000c3600000, 0x00000000c3600000| Untracked 
|  25|0x00000000c3700000, 0x00000000c3700000, 0x00000000c3800000|  0%| F|  |TAMS 0x00000000c3700000, 0x00000000c3700000| Untracked 
|  26|0x00000000c3800000, 0x00000000c3800000, 0x00000000c3900000|  0%| F|  |TAMS 0x00000000c3800000, 0x00000000c3800000| Untracked 
|  27|0x00000000c3900000, 0x00000000c3900000, 0x00000000c3a00000|  0%| F|  |TAMS 0x00000000c3900000, 0x00000000c3900000| Untracked 
|  28|0x00000000c3a00000, 0x00000000c3a00000, 0x00000000c3b00000|  0%| F|  |TAMS 0x00000000c3a00000, 0x00000000c3a00000| Untracked 
|  29|0x00000000c3b00000, 0x00000000c3b00000, 0x00000000c3c00000|  0%| F|  |TAMS 0x00000000c3b00000, 0x00000000c3b00000| Untracked 
|  30|0x00000000c3c00000, 0x00000000c3c00000, 0x00000000c3d00000|  0%| F|  |TAMS 0x00000000c3c00000, 0x00000000c3c00000| Untracked 
|  31|0x00000000c3d00000, 0x00000000c3d575c0, 0x00000000c3e00000| 34%| S|CS|TAMS 0x00000000c3d00000, 0x00000000c3d00000| Complete 
|  32|0x00000000c3e00000, 0x00000000c3f00000, 0x00000000c3f00000|100%| S|CS|TAMS 0x00000000c3e00000, 0x00000000c3e00000| Complete 
|  33|0x00000000c3f00000, 0x00000000c4000000, 0x00000000c4000000|100%| S|CS|TAMS 0x00000000c3f00000, 0x00000000c3f00000| Complete 
|  34|0x00000000c4000000, 0x00000000c4000000, 0x00000000c4100000|  0%| F|  |TAMS 0x00000000c4000000, 0x00000000c4000000| Untracked 
|  35|0x00000000c4100000, 0x00000000c4100000, 0x00000000c4200000|  0%| F|  |TAMS 0x00000000c4100000, 0x00000000c4100000| Untracked 
|  36|0x00000000c4200000, 0x00000000c4200000, 0x00000000c4300000|  0%| F|  |TAMS 0x00000000c4200000, 0x00000000c4200000| Untracked 
|  37|0x00000000c4300000, 0x00000000c4300000, 0x00000000c4400000|  0%| F|  |TAMS 0x00000000c4300000, 0x00000000c4300000| Untracked 
|  38|0x00000000c4400000, 0x00000000c4400000, 0x00000000c4500000|  0%| F|  |TAMS 0x00000000c4400000, 0x00000000c4400000| Untracked 
|  39|0x00000000c4500000, 0x00000000c4500000, 0x00000000c4600000|  0%| F|  |TAMS 0x00000000c4500000, 0x00000000c4500000| Untracked 
|  40|0x00000000c4600000, 0x00000000c46773a8, 0x00000000c4700000| 46%| E|  |TAMS 0x00000000c4600000, 0x00000000c4600000| Complete 
|  41|0x00000000c4700000, 0x00000000c4800000, 0x00000000c4800000|100%| E|CS|TAMS 0x00000000c4700000, 0x00000000c4700000| Complete 
|  42|0x00000000c4800000, 0x00000000c4900000, 0x00000000c4900000|100%| E|CS|TAMS 0x00000000c4800000, 0x00000000c4800000| Complete 
|  43|0x00000000c4900000, 0x00000000c4a00000, 0x00000000c4a00000|100%| E|CS|TAMS 0x00000000c4900000, 0x00000000c4900000| Complete 
|  44|0x00000000c4a00000, 0x00000000c4b00000, 0x00000000c4b00000|100%| E|CS|TAMS 0x00000000c4a00000, 0x00000000c4a00000| Complete 
|  45|0x00000000c4b00000, 0x00000000c4c00000, 0x00000000c4c00000|100%| E|CS|TAMS 0x00000000c4b00000, 0x00000000c4b00000| Complete 
|  46|0x00000000c4c00000, 0x00000000c4d00000, 0x00000000c4d00000|100%| E|CS|TAMS 0x00000000c4c00000, 0x00000000c4c00000| Complete 
|  47|0x00000000c4d00000, 0x00000000c4e00000, 0x00000000c4e00000|100%| E|CS|TAMS 0x00000000c4d00000, 0x00000000c4d00000| Complete 
|  48|0x00000000c4e00000, 0x00000000c4f00000, 0x00000000c4f00000|100%| E|CS|TAMS 0x00000000c4e00000, 0x00000000c4e00000| Complete 
|  49|0x00000000c4f00000, 0x00000000c5000000, 0x00000000c5000000|100%| E|CS|TAMS 0x00000000c4f00000, 0x00000000c4f00000| Complete 
|  50|0x00000000c5000000, 0x00000000c5100000, 0x00000000c5100000|100%| E|CS|TAMS 0x00000000c5000000, 0x00000000c5000000| Complete 
|  51|0x00000000c5100000, 0x00000000c5200000, 0x00000000c5200000|100%| E|CS|TAMS 0x00000000c5100000, 0x00000000c5100000| Complete 
|  52|0x00000000c5200000, 0x00000000c5300000, 0x00000000c5300000|100%| E|CS|TAMS 0x00000000c5200000, 0x00000000c5200000| Complete 
|  53|0x00000000c5300000, 0x00000000c5400000, 0x00000000c5400000|100%| E|CS|TAMS 0x00000000c5300000, 0x00000000c5300000| Complete 
|  54|0x00000000c5400000, 0x00000000c5500000, 0x00000000c5500000|100%| E|CS|TAMS 0x00000000c5400000, 0x00000000c5400000| Complete 
|  63|0x00000000c5d00000, 0x00000000c5e00000, 0x00000000c5e00000|100%| E|CS|TAMS 0x00000000c5d00000, 0x00000000c5d00000| Complete 

Card table byte_map: [0x0000029979df0000,0x0000029979ff0000] _byte_map_base: 0x00000299797e1000

Marking Bits (Prev, Next): (CMBitMap*) 0x00000299767641d0, (CMBitMap*) 0x0000029976764190
 Prev Bits: [0x000002997b180000, 0x000002997c108000)
 Next Bits: [0x000002997a1f0000, 0x000002997b178000)

Polling page: 0x0000029975ef0000

Metaspace:

Usage:
  Non-class:     39.86 MB used.
      Class:      5.54 MB used.
       Both:     45.40 MB used.

Virtual space:
  Non-class space:       48.00 MB reserved,      39.94 MB ( 83%) committed,  6 nodes.
      Class space:        1.00 GB reserved,       5.62 MB ( <1%) committed,  1 nodes.
             Both:        1.05 GB reserved,      45.56 MB (  4%) committed. 

Chunk freelists:
   Non-Class:  3.95 MB
       Class:  2.31 MB
        Both:  6.27 MB

MaxMetaspaceSize: unlimited
CompressedClassSpaceSize: 1.00 GB
Initial GC threshold: 21.00 MB
Current GC threshold: 64.31 MB
CDS: off
MetaspaceReclaimPolicy: balanced
 - commit_granule_bytes: 65536.
 - commit_granule_words: 8192.
 - virtual_space_node_default_size: 1048576.
 - enlarge_chunks_in_place: 1.
 - new_chunks_are_fully_committed: 0.
 - uncommit_free_chunks: 1.
 - use_allocation_guard: 0.
 - handle_deallocations: 1.


Internal statistics:

num_allocs_failed_limit: 3.
num_arena_births: 164.
num_arena_deaths: 0.
num_vsnodes_births: 7.
num_vsnodes_deaths: 0.
num_space_committed: 728.
num_space_uncommitted: 0.
num_chunks_returned_to_freelist: 3.
num_chunks_taken_from_freelist: 1463.
num_chunk_merges: 3.
num_chunk_splits: 1239.
num_chunks_enlarged: 1142.
num_purges: 0.
num_inconsistent_stats: 0.

CodeHeap 'non-profiled nmethods': size=120000Kb used=1170Kb max_used=1170Kb free=118829Kb
 bounds [0x0000029907ad0000, 0x0000029907d40000, 0x000002990f000000]
CodeHeap 'profiled nmethods': size=120000Kb used=7013Kb max_used=7013Kb free=112986Kb
 bounds [0x0000029900000000, 0x00000299006e0000, 0x0000029907530000]
CodeHeap 'non-nmethods': size=5760Kb used=1261Kb max_used=1330Kb free=4499Kb
 bounds [0x0000029907530000, 0x00000299077a0000, 0x0000029907ad0000]
 total_blobs=3772 nmethods=3201 adapters=483
 compilation: enabled
              stopped_count=0, restarted_count=0
 full_count=0

Compilation events (20 events):
Event: 18.993 Thread 0x000002997e62b190 nmethod 3195 0x00000299006ad290 code [0x00000299006ad520, 0x00000299006ae4f8]
Event: 18.999 Thread 0x000002997e62b190 3196       3       org.jetbrains.kotlin.metadata.jvm.JvmProtoBuf$StringTableTypes$Record$1::parsePartialFrom (7 bytes)
Event: 19.000 Thread 0x000002997e62b190 nmethod 3196 0x00000299006ae990 code [0x00000299006aeb20, 0x00000299006aec68]
Event: 19.000 Thread 0x000002997e62b190 3198   !   3       org.jetbrains.kotlin.metadata.jvm.JvmProtoBuf$StringTableTypes$Record::<init> (759 bytes)
Event: 19.013 Thread 0x000002997e62b190 nmethod 3198 0x00000299006aed10 code [0x00000299006af520, 0x00000299006b4ee8]
Event: 19.013 Thread 0x000002997e62b190 3197       3       org.jetbrains.kotlin.metadata.jvm.JvmProtoBuf$StringTableTypes$Record::<init> (7 bytes)
Event: 19.013 Thread 0x000002997e62b190 nmethod 3197 0x00000299006b7410 code [0x00000299006b75a0, 0x00000299006b76e8]
Event: 19.013 Thread 0x000002997e62b190 3199       1       org.jetbrains.kotlin.load.kotlin.header.KotlinClassHeader::getMetadataVersion (5 bytes)
Event: 19.013 Thread 0x000002997e62b190 nmethod 3199 0x0000029907bf3390 code [0x0000029907bf3520, 0x0000029907bf35f8]
Event: 19.025 Thread 0x000002997e62b190 3200       1       org.jetbrains.kotlin.descriptors.impl.ModuleDescriptorImpl::isValid (5 bytes)
Event: 19.025 Thread 0x000002997e62b190 nmethod 3200 0x0000029907bf3690 code [0x0000029907bf3820, 0x0000029907bf38f8]
Event: 19.026 Thread 0x000002997e62b190 3201       1       org.jetbrains.kotlin.serialization.deserialization.DeserializationComponents::getFictitiousClassDescriptorFactories (5 bytes)
Event: 19.027 Thread 0x000002997e62b190 nmethod 3201 0x0000029907bf3990 code [0x0000029907bf3b20, 0x0000029907bf3bf8]
Event: 19.027 Thread 0x000002997e62b190 3202       3       org.jetbrains.kotlin.name.ClassId::isNestedClass (19 bytes)
Event: 19.027 Thread 0x000002997e62b190 nmethod 3202 0x00000299006b7790 code [0x00000299006b7960, 0x00000299006b7ca8]
Event: 19.029 Thread 0x000002997e62b190 3203       3       org.jetbrains.kotlin.descriptors.impl.DeclarationDescriptorImpl::getName (13 bytes)
Event: 19.030 Thread 0x000002997e62b190 nmethod 3203 0x00000299006b7e90 code [0x00000299006b8040, 0x00000299006b81c8]
Event: 19.031 Thread 0x000002997e62b190 3204       3       org.jetbrains.kotlin.utils.WrappedValues::unescapeThrowable (44 bytes)
Event: 19.032 Thread 0x000002997e62b190 nmethod 3204 0x00000299006b8290 code [0x00000299006b8480, 0x00000299006b89d8]
Event: 19.041 Thread 0x000002997e62b190 3205       3       org.jetbrains.kotlin.storage.StorageKt::getValue (19 bytes)

GC Heap History (20 events):
Event: 7.349 GC heap before
{Heap before GC invocations=1 (full 0):
 garbage-first heap   total 65536K, used 21504K [0x00000000c1e00000, 0x0000000100000000)
  region size 1024K, 18 young (18432K), 2 survivors (2048K)
 Metaspace       used 14608K, committed 14720K, reserved 1064960K
  class space    used 1457K, committed 1536K, reserved 1048576K
}
Event: 7.360 GC heap after
{Heap after GC invocations=2 (full 0):
 garbage-first heap   total 65536K, used 7756K [0x00000000c1e00000, 0x0000000100000000)
  region size 1024K, 2 young (2048K), 2 survivors (2048K)
 Metaspace       used 14608K, committed 14720K, reserved 1064960K
  class space    used 1457K, committed 1536K, reserved 1048576K
}
Event: 9.595 GC heap before
{Heap before GC invocations=2 (full 0):
 garbage-first heap   total 65536K, used 32332K [0x00000000c1e00000, 0x0000000100000000)
  region size 1024K, 27 young (27648K), 2 survivors (2048K)
 Metaspace       used 21361K, committed 21504K, reserved 1073152K
  class space    used 2319K, committed 2432K, reserved 1048576K
}
Event: 9.612 GC heap after
{Heap after GC invocations=3 (full 0):
 garbage-first heap   total 65536K, used 10199K [0x00000000c1e00000, 0x0000000100000000)
  region size 1024K, 4 young (4096K), 4 survivors (4096K)
 Metaspace       used 21361K, committed 21504K, reserved 1073152K
  class space    used 2319K, committed 2432K, reserved 1048576K
}
Event: 12.372 GC heap before
{Heap before GC invocations=4 (full 0):
 garbage-first heap   total 37888K, used 29655K [0x00000000c1e00000, 0x0000000100000000)
  region size 1024K, 24 young (24576K), 4 survivors (4096K)
 Metaspace       used 28172K, committed 28352K, reserved 1081344K
  class space    used 3481K, committed 3584K, reserved 1048576K
}
Event: 12.390 GC heap after
{Heap after GC invocations=5 (full 0):
 garbage-first heap   total 37888K, used 11338K [0x00000000c1e00000, 0x0000000100000000)
  region size 1024K, 4 young (4096K), 4 survivors (4096K)
 Metaspace       used 28172K, committed 28352K, reserved 1081344K
  class space    used 3481K, committed 3584K, reserved 1048576K
}
Event: 13.649 GC heap before
{Heap before GC invocations=5 (full 0):
 garbage-first heap   total 37888K, used 27722K [0x00000000c1e00000, 0x0000000100000000)
  region size 1024K, 19 young (19456K), 4 survivors (4096K)
 Metaspace       used 29444K, committed 29632K, reserved 1081344K
  class space    used 3607K, committed 3648K, reserved 1048576K
}
Event: 13.675 GC heap after
{Heap after GC invocations=6 (full 0):
 garbage-first heap   total 37888K, used 17049K [0x00000000c1e00000, 0x0000000100000000)
  region size 1024K, 3 young (3072K), 3 survivors (3072K)
 Metaspace       used 29444K, committed 29632K, reserved 1081344K
  class space    used 3607K, committed 3648K, reserved 1048576K
}
Event: 14.675 GC heap before
{Heap before GC invocations=6 (full 0):
 garbage-first heap   total 37888K, used 27289K [0x00000000c1e00000, 0x0000000100000000)
  region size 1024K, 13 young (13312K), 3 survivors (3072K)
 Metaspace       used 32817K, committed 33024K, reserved 1081344K
  class space    used 4192K, committed 4288K, reserved 1048576K
}
Event: 14.690 GC heap after
{Heap after GC invocations=7 (full 0):
 garbage-first heap   total 37888K, used 18342K [0x00000000c1e00000, 0x0000000100000000)
  region size 1024K, 1 young (1024K), 1 survivors (1024K)
 Metaspace       used 32817K, committed 33024K, reserved 1081344K
  class space    used 4192K, committed 4288K, reserved 1048576K
}
Event: 16.025 GC heap before
{Heap before GC invocations=7 (full 0):
 garbage-first heap   total 37888K, used 28582K [0x00000000c1e00000, 0x0000000100000000)
  region size 1024K, 11 young (11264K), 1 survivors (1024K)
 Metaspace       used 34780K, committed 35008K, reserved 1081344K
  class space    used 4411K, committed 4544K, reserved 1048576K
}
Event: 16.035 GC heap after
{Heap after GC invocations=8 (full 0):
 garbage-first heap   total 37888K, used 17363K [0x00000000c1e00000, 0x0000000100000000)
  region size 1024K, 2 young (2048K), 2 survivors (2048K)
 Metaspace       used 34780K, committed 35008K, reserved 1081344K
  class space    used 4411K, committed 4544K, reserved 1048576K
}
Event: 16.576 GC heap before
{Heap before GC invocations=9 (full 0):
 garbage-first heap   total 37888K, used 27603K [0x00000000c1e00000, 0x0000000100000000)
  region size 1024K, 13 young (13312K), 2 survivors (2048K)
 Metaspace       used 36862K, committed 37056K, reserved 1081344K
  class space    used 4638K, committed 4736K, reserved 1048576K
}
Event: 16.584 GC heap after
{Heap after GC invocations=10 (full 0):
 garbage-first heap   total 37888K, used 18648K [0x00000000c1e00000, 0x0000000100000000)
  region size 1024K, 2 young (2048K), 2 survivors (2048K)
 Metaspace       used 36862K, committed 37056K, reserved 1081344K
  class space    used 4638K, committed 4736K, reserved 1048576K
}
Event: 16.619 GC heap before
{Heap before GC invocations=10 (full 0):
 garbage-first heap   total 37888K, used 19672K [0x00000000c1e00000, 0x0000000100000000)
  region size 1024K, 3 young (3072K), 2 survivors (2048K)
 Metaspace       used 37032K, committed 37312K, reserved 1081344K
  class space    used 4655K, committed 4800K, reserved 1048576K
}
Event: 16.625 GC heap after
{Heap after GC invocations=11 (full 0):
 garbage-first heap   total 37888K, used 18126K [0x00000000c1e00000, 0x0000000100000000)
  region size 1024K, 1 young (1024K), 1 survivors (1024K)
 Metaspace       used 37032K, committed 37312K, reserved 1081344K
  class space    used 4655K, committed 4800K, reserved 1048576K
}
Event: 17.063 GC heap before
{Heap before GC invocations=11 (full 0):
 garbage-first heap   total 37888K, used 26318K [0x00000000c1e00000, 0x0000000100000000)
  region size 1024K, 10 young (10240K), 1 survivors (1024K)
 Metaspace       used 39064K, committed 39296K, reserved 1089536K
  class space    used 4805K, committed 4928K, reserved 1048576K
}
Event: 17.068 GC heap after
{Heap after GC invocations=12 (full 0):
 garbage-first heap   total 57344K, used 18931K [0x00000000c1e00000, 0x0000000100000000)
  region size 1024K, 2 young (2048K), 2 survivors (2048K)
 Metaspace       used 39064K, committed 39296K, reserved 1089536K
  class space    used 4805K, committed 4928K, reserved 1048576K
}
Event: 18.364 GC heap before
{Heap before GC invocations=13 (full 0):
 garbage-first heap   total 57344K, used 40435K [0x00000000c1e00000, 0x0000000100000000)
  region size 1024K, 24 young (24576K), 2 survivors (2048K)
 Metaspace       used 44704K, committed 44928K, reserved 1089536K
  class space    used 5487K, committed 5568K, reserved 1048576K
}
Event: 18.374 GC heap after
{Heap after GC invocations=14 (full 0):
 garbage-first heap   total 57344K, used 20257K [0x00000000c1e00000, 0x0000000100000000)
  region size 1024K, 3 young (3072K), 3 survivors (3072K)
 Metaspace       used 44704K, committed 44928K, reserved 1089536K
  class space    used 5487K, committed 5568K, reserved 1048576K
}

Dll operation events (2 events):
Event: 0.022 Loaded shared library C:\Program Files\Android\Android Studio\jbr\bin\java.dll
Event: 11.479 Loaded shared library C:\Program Files\Android\Android Studio\jbr\bin\verify.dll

Deoptimization events (20 events):
Event: 18.621 Thread 0x0000029976727780 Uncommon trap: trap_request=0xffffffc6 fr.pc=0x0000029907ba97e4 relative=0x0000000000000604
Event: 18.621 Thread 0x0000029976727780 Uncommon trap: reason=bimorphic_or_optimized_type_check action=maybe_recompile pc=0x0000029907ba97e4 method=org.jetbrains.kotlin.protobuf.CodedInputStream.tryRefillBuffer(I)Z @ 177 c2
Event: 18.621 Thread 0x0000029976727780 DEOPT PACKING pc=0x0000029907ba97e4 sp=0x000000f0a29fa610
Event: 18.621 Thread 0x0000029976727780 DEOPT UNPACKING pc=0x00000299075869a3 sp=0x000000f0a29fa4f8 mode 2
Event: 18.624 Thread 0x0000029976727780 Uncommon trap: trap_request=0xffffffc6 fr.pc=0x0000029907ba97e4 relative=0x0000000000000604
Event: 18.624 Thread 0x0000029976727780 Uncommon trap: reason=bimorphic_or_optimized_type_check action=maybe_recompile pc=0x0000029907ba97e4 method=org.jetbrains.kotlin.protobuf.CodedInputStream.tryRefillBuffer(I)Z @ 177 c2
Event: 18.624 Thread 0x0000029976727780 DEOPT PACKING pc=0x0000029907ba97e4 sp=0x000000f0a29fa610
Event: 18.624 Thread 0x0000029976727780 DEOPT UNPACKING pc=0x00000299075869a3 sp=0x000000f0a29fa4f8 mode 2
Event: 18.625 Thread 0x0000029976727780 Uncommon trap: trap_request=0xffffffc6 fr.pc=0x0000029907ba97e4 relative=0x0000000000000604
Event: 18.625 Thread 0x0000029976727780 Uncommon trap: reason=bimorphic_or_optimized_type_check action=maybe_recompile pc=0x0000029907ba97e4 method=org.jetbrains.kotlin.protobuf.CodedInputStream.tryRefillBuffer(I)Z @ 177 c2
Event: 18.625 Thread 0x0000029976727780 DEOPT PACKING pc=0x0000029907ba97e4 sp=0x000000f0a29fa4e0
Event: 18.625 Thread 0x0000029976727780 DEOPT UNPACKING pc=0x00000299075869a3 sp=0x000000f0a29fa3c0 mode 2
Event: 18.631 Thread 0x0000029976727780 Uncommon trap: trap_request=0xffffffc6 fr.pc=0x0000029907ba97e4 relative=0x0000000000000604
Event: 18.631 Thread 0x0000029976727780 Uncommon trap: reason=bimorphic_or_optimized_type_check action=maybe_recompile pc=0x0000029907ba97e4 method=org.jetbrains.kotlin.protobuf.CodedInputStream.tryRefillBuffer(I)Z @ 177 c2
Event: 18.631 Thread 0x0000029976727780 DEOPT PACKING pc=0x0000029907ba97e4 sp=0x000000f0a29fa4e0
Event: 18.631 Thread 0x0000029976727780 DEOPT UNPACKING pc=0x00000299075869a3 sp=0x000000f0a29fa3c0 mode 2
Event: 18.730 Thread 0x0000029976727780 DEOPT PACKING pc=0x00000299005497e5 sp=0x000000f0a29f96f0
Event: 18.730 Thread 0x0000029976727780 DEOPT UNPACKING pc=0x0000029907587143 sp=0x000000f0a29f8b40 mode 0
Event: 18.874 Thread 0x0000029976727780 DEOPT PACKING pc=0x00000299005497e5 sp=0x000000f0a29f73d0
Event: 18.874 Thread 0x0000029976727780 DEOPT UNPACKING pc=0x0000029907587143 sp=0x000000f0a29f6820 mode 0

Classes unloaded (0 events):
No events

Classes redefined (0 events):
No events

Internal exceptions (20 events):
Event: 9.736 Thread 0x0000029976727780 Exception <a 'java/lang/NoSuchMethodError'{0x00000000c3c95c90}: 'java.lang.Object java.lang.invoke.DirectMethodHandle$Holder.invokeSpecial(java.lang.Object, java.lang.Object, java.lang.Object, java.lang.Object, long)'> (0x00000000c3c95c90) 
thrown [s\src\hotspot\share\interpreter\linkResolver.cpp, line 771]
Event: 9.745 Thread 0x0000029976727780 Exception <a 'java/lang/NoSuchMethodError'{0x00000000c3ca5050}: 'int java.lang.invoke.DelegatingMethodHandle$Holder.reinvoke_L(java.lang.Object, java.lang.Object, java.lang.Object, long, java.lang.Object, java.lang.Object)'> (0x00000000c3ca5050) 
thrown [s\src\hotspot\share\interpreter\linkResolver.cpp, line 771]
Event: 9.752 Thread 0x0000029976727780 Exception <a 'java/lang/NoSuchMethodError'{0x00000000c3cb3d08}: 'int java.lang.invoke.DelegatingMethodHandle$Holder.reinvoke_L(java.lang.Object, java.lang.Object, java.lang.Object, long, int, int)'> (0x00000000c3cb3d08) 
thrown [s\src\hotspot\share\interpreter\linkResolver.cpp, line 771]
Event: 9.756 Thread 0x0000029976727780 Exception <a 'java/lang/NoSuchMethodError'{0x00000000c3cc26e0}: 'int java.lang.invoke.DelegatingMethodHandle$Holder.reinvoke_L(java.lang.Object, java.lang.Object, java.lang.Object, long, long, long)'> (0x00000000c3cc26e0) 
thrown [s\src\hotspot\share\interpreter\linkResolver.cpp, line 771]
Event: 9.760 Thread 0x0000029976727780 Exception <a 'java/lang/NoSuchMethodError'{0x00000000c3cd0cf8}: 'int java.lang.invoke.DelegatingMethodHandle$Holder.reinvoke_L(java.lang.Object, java.lang.Object, java.lang.Object, long, int)'> (0x00000000c3cd0cf8) 
thrown [s\src\hotspot\share\interpreter\linkResolver.cpp, line 771]
Event: 9.815 Thread 0x0000029976727780 Exception <a 'java/lang/NoSuchMethodError'{0x00000000c3b780a0}: 'int java.lang.invoke.DirectMethodHandle$Holder.invokeStaticInit(java.lang.Object, java.lang.Object, java.lang.Object)'> (0x00000000c3b780a0) 
thrown [s\src\hotspot\share\interpreter\linkResolver.cpp, line 771]
Event: 9.836 Thread 0x0000029976727780 Exception <a 'java/lang/NoSuchMethodError'{0x00000000c3ba1bb8}: 'int java.lang.invoke.DirectMethodHandle$Holder.invokeStaticInit(java.lang.Object, java.lang.Object)'> (0x00000000c3ba1bb8) 
thrown [s\src\hotspot\share\interpreter\linkResolver.cpp, line 771]
Event: 9.898 Thread 0x0000029976727780 Exception <a 'java/lang/NoSuchMethodError'{0x00000000c3a81290}: 'void java.lang.invoke.DirectMethodHandle$Holder.invokeSpecial(java.lang.Object, java.lang.Object, java.lang.Object)'> (0x00000000c3a81290) 
thrown [s\src\hotspot\share\interpreter\linkResolver.cpp, line 771]
Event: 10.156 Thread 0x0000029976727780 Exception <a 'java/lang/NoSuchMethodError'{0x00000000c37a62b8}: 'void java.lang.invoke.DirectMethodHandle$Holder.invokeStatic(java.lang.Object, java.lang.Object, java.lang.Object, java.lang.Object)'> (0x00000000c37a62b8) 
thrown [s\src\hotspot\share\interpreter\linkResolver.cpp, line 771]
Event: 10.751 Thread 0x0000029976727780 Exception <a 'java/lang/NoSuchMethodError'{0x00000000c3366c70}: 'void java.lang.invoke.DirectMethodHandle$Holder.invokeStaticInit(java.lang.Object, java.lang.Object)'> (0x00000000c3366c70) 
thrown [s\src\hotspot\share\interpreter\linkResolver.cpp, line 771]
Event: 11.873 Thread 0x0000029976727780 Exception <a 'java/lang/NoSuchMethodError'{0x00000000c2fde518}: 'void java.lang.invoke.DirectMethodHandle$Holder.invokeVirtual(java.lang.Object, java.lang.Object)'> (0x00000000c2fde518) 
thrown [s\src\hotspot\share\interpreter\linkResolver.cpp, line 771]
Event: 11.936 Thread 0x0000029976727780 Exception <a 'java/lang/NoSuchMethodError'{0x00000000c2e58330}: 'int java.lang.invoke.DirectMethodHandle$Holder.invokeVirtual(java.lang.Object, java.lang.Object)'> (0x00000000c2e58330) 
thrown [s\src\hotspot\share\interpreter\linkResolver.cpp, line 771]
Event: 12.055 Thread 0x0000029976727780 Exception <a 'java/lang/NoSuchMethodError'{0x00000000c2ef0250}: 'java.lang.Object java.lang.invoke.Invokers$Holder.invokeExact_MT(java.lang.Object, java.lang.Object, java.lang.Object, java.lang.Object, java.lang.Object, java.lang.Object)'> (0x00000000c2ef0250) 
thrown [s\src\hotspot\share\interpreter\linkResolver.cpp, line 771]
Event: 14.424 Thread 0x0000029976727780 Implicit null exception at 0x0000029907ae9af2 to 0x0000029907aea10c
Event: 15.117 Thread 0x0000029976727780 Implicit null exception at 0x0000029907aea772 to 0x0000029907aeadac
Event: 15.433 Thread 0x0000029976727780 Exception <a 'java/lang/NoSuchMethodError'{0x00000000c3d07a98}: 'java.lang.Object java.lang.invoke.DirectMethodHandle$Holder.invokeVirtual(java.lang.Object, java.lang.Object, java.lang.Object)'> (0x00000000c3d07a98) 
thrown [s\src\hotspot\share\interpreter\linkResolver.cpp, line 771]
Event: 18.109 Thread 0x0000029976727780 Exception <a 'java/lang/NoSuchMethodError'{0x00000000c45cb8b8}: 'java.lang.Object java.lang.invoke.DirectMethodHandle$Holder.newInvokeSpecial(java.lang.Object, java.lang.Object, java.lang.Object, int)'> (0x00000000c45cb8b8) 
thrown [s\src\hotspot\share\interpreter\linkResolver.cpp, line 771]
Event: 18.110 Thread 0x0000029976727780 Exception <a 'java/lang/NoSuchMethodError'{0x00000000c45cff40}: 'java.lang.Object java.lang.invoke.DirectMethodHandle$Holder.invokeSpecial(java.lang.Object, java.lang.Object, java.lang.Object, java.lang.Object, int)'> (0x00000000c45cff40) 
thrown [s\src\hotspot\share\interpreter\linkResolver.cpp, line 771]
Event: 18.110 Thread 0x0000029976727780 Exception <a 'java/lang/NoSuchMethodError'{0x00000000c45d3db0}: 'java.lang.Object java.lang.invoke.Invokers$Holder.linkToTargetMethod(java.lang.Object, java.lang.Object, int, java.lang.Object)'> (0x00000000c45d3db0) 
thrown [s\src\hotspot\share\interpreter\linkResolver.cpp, line 771]
Event: 18.503 Thread 0x0000029976727780 Exception <a 'java/lang/NoSuchMethodError'{0x00000000c53dacc8}: 'java.lang.Object java.lang.invoke.DirectMethodHandle$Holder.newInvokeSpecial(java.lang.Object, java.lang.Object, int)'> (0x00000000c53dacc8) 
thrown [s\src\hotspot\share\interpreter\linkResolver.cpp, line 771]

VM Operations (20 events):
Event: 17.121 Executing VM operation: G1Concurrent
Event: 17.128 Executing VM operation: G1Concurrent done
Event: 17.150 Executing VM operation: G1Concurrent
Event: 17.150 Executing VM operation: G1Concurrent done
Event: 18.050 Executing VM operation: HandshakeAllThreads
Event: 18.050 Executing VM operation: HandshakeAllThreads done
Event: 18.099 Executing VM operation: HandshakeAllThreads
Event: 18.099 Executing VM operation: HandshakeAllThreads done
Event: 18.230 Executing VM operation: HandshakeAllThreads
Event: 18.230 Executing VM operation: HandshakeAllThreads done
Event: 18.230 Executing VM operation: Cleanup
Event: 18.231 Executing VM operation: Cleanup done
Event: 18.364 Executing VM operation: G1CollectForAllocation
Event: 18.374 Executing VM operation: G1CollectForAllocation done
Event: 18.511 Executing VM operation: HandshakeAllThreads
Event: 18.511 Executing VM operation: HandshakeAllThreads done
Event: 18.608 Executing VM operation: HandshakeAllThreads
Event: 18.608 Executing VM operation: HandshakeAllThreads done
Event: 18.616 Executing VM operation: HandshakeAllThreads
Event: 18.616 Executing VM operation: HandshakeAllThreads done

Events (20 events):
Event: 17.865 loading class java/util/AbstractMap$SimpleImmutableEntry
Event: 17.865 loading class java/util/AbstractMap$SimpleImmutableEntry done
Event: 18.004 loading class java/util/regex/Pattern$StartS
Event: 18.004 loading class java/util/regex/Pattern$StartS done
Event: 18.018 loading class java/util/ConcurrentModificationException
Event: 18.019 loading class java/util/ConcurrentModificationException done
Event: 18.049 loading class java/util/ArrayList$ListItr
Event: 18.049 loading class java/util/ArrayList$ListItr done
Event: 18.211 loading class java/io/InvalidObjectException
Event: 18.211 loading class java/io/InvalidObjectException done
Event: 18.228 loading class java/util/AbstractList$SubList$1
Event: 18.228 loading class java/util/AbstractList$SubList$1 done
Event: 18.229 loading class java/util/AbstractList$ListItr
Event: 18.229 loading class java/util/AbstractList$ListItr done
Event: 18.343 loading class java/text/StringCharacterIterator
Event: 18.344 loading class java/text/CharacterIterator
Event: 18.344 loading class java/text/CharacterIterator done
Event: 18.344 loading class java/text/StringCharacterIterator done
Event: 18.454 loading class java/lang/Override
Event: 18.454 loading class java/lang/Override done


Dynamic libraries:
0x00007ff7c5300000 - 0x00007ff7c530a000 	C:\Program Files\Android\Android Studio\jbr\bin\java.exe
0x00007fff94710000 - 0x00007fff94908000 	C:\WINDOWS\SYSTEM32\ntdll.dll
0x00007fff527e0000 - 0x00007fff527f9000 	C:\Program Files\Avast Software\Avast\aswhook.dll
0x00007fff92a10000 - 0x00007fff92acd000 	C:\WINDOWS\System32\KERNEL32.DLL
0x00007fff92310000 - 0x00007fff92606000 	C:\WINDOWS\System32\KERNELBASE.dll
0x00007fff92110000 - 0x00007fff92210000 	C:\WINDOWS\System32\ucrtbase.dll
0x00007fff8a4b0000 - 0x00007fff8a4cb000 	C:\Program Files\Android\Android Studio\jbr\bin\VCRUNTIME140.dll
0x00007fff666b0000 - 0x00007fff666c7000 	C:\Program Files\Android\Android Studio\jbr\bin\jli.dll
0x00007fff93f70000 - 0x00007fff9410e000 	C:\WINDOWS\System32\USER32.dll
0x00007fff91f50000 - 0x00007fff91f72000 	C:\WINDOWS\System32\win32u.dll
0x00007fff92c60000 - 0x00007fff92c8b000 	C:\WINDOWS\System32\GDI32.dll
0x00007fff91e30000 - 0x00007fff91f47000 	C:\WINDOWS\System32\gdi32full.dll
0x00007fff92610000 - 0x00007fff926ad000 	C:\WINDOWS\System32\msvcp_win.dll
0x00007fff7e4c0000 - 0x00007fff7e75a000 	C:\WINDOWS\WinSxS\amd64_microsoft.windows.common-controls_6595b64144ccf1df_6.0.19041.3636_none_60b6a03d71f818d5\COMCTL32.dll
0x00007fff92cf0000 - 0x00007fff92d8e000 	C:\WINDOWS\System32\msvcrt.dll
0x00007fff92740000 - 0x00007fff92772000 	C:\WINDOWS\System32\IMM32.DLL
0x00007fff8a4a0000 - 0x00007fff8a4ac000 	C:\Program Files\Android\Android Studio\jbr\bin\vcruntime140_1.dll
0x00007fff6ea00000 - 0x00007fff6ea8d000 	C:\Program Files\Android\Android Studio\jbr\bin\msvcp140.dll
0x00007fff1e4c0000 - 0x00007fff1f12e000 	C:\Program Files\Android\Android Studio\jbr\bin\server\jvm.dll
0x00007fff93ec0000 - 0x00007fff93f70000 	C:\WINDOWS\System32\ADVAPI32.dll
0x00007fff928c0000 - 0x00007fff92960000 	C:\WINDOWS\System32\sechost.dll
0x00007fff92790000 - 0x00007fff928b5000 	C:\WINDOWS\System32\RPCRT4.dll
0x00007fff91f80000 - 0x00007fff91fa7000 	C:\WINDOWS\System32\bcrypt.dll
0x00007fff72310000 - 0x00007fff72337000 	C:\WINDOWS\SYSTEM32\WINMM.dll
0x00007fff849f0000 - 0x00007fff849fa000 	C:\WINDOWS\SYSTEM32\VERSION.dll
0x00007fff7b000000 - 0x00007fff7b009000 	C:\WINDOWS\SYSTEM32\WSOCK32.dll
0x00007fff94640000 - 0x00007fff946ab000 	C:\WINDOWS\System32\WS2_32.dll
0x00007fff90600000 - 0x00007fff90612000 	C:\WINDOWS\SYSTEM32\kernel.appcore.dll
0x00007fff87dc0000 - 0x00007fff87dca000 	C:\Program Files\Android\Android Studio\jbr\bin\jimage.dll
0x00007fff8c750000 - 0x00007fff8c934000 	C:\WINDOWS\SYSTEM32\DBGHELP.DLL
0x00007fff81dd0000 - 0x00007fff81e04000 	C:\WINDOWS\SYSTEM32\dbgcore.DLL
0x00007fff926b0000 - 0x00007fff92732000 	C:\WINDOWS\System32\bcryptPrimitives.dll
0x00007fff818b0000 - 0x00007fff818d5000 	C:\Program Files\Android\Android Studio\jbr\bin\java.dll
0x00007fff81080000 - 0x00007fff81098000 	C:\Program Files\Android\Android Studio\jbr\bin\zip.dll
0x00007fff93590000 - 0x00007fff93cfb000 	C:\WINDOWS\System32\SHELL32.dll
0x00007fff8cd00000 - 0x00007fff8d49e000 	C:\WINDOWS\SYSTEM32\windows.storage.dll
0x00007fff93230000 - 0x00007fff93583000 	C:\WINDOWS\System32\combase.dll
0x00007fff91780000 - 0x00007fff917ae000 	C:\WINDOWS\SYSTEM32\Wldp.dll
0x00007fff93d00000 - 0x00007fff93dcd000 	C:\WINDOWS\System32\OLEAUT32.dll
0x00007fff92fc0000 - 0x00007fff9306d000 	C:\WINDOWS\System32\SHCORE.dll
0x00007fff94580000 - 0x00007fff945d5000 	C:\WINDOWS\System32\shlwapi.dll
0x00007fff91cf0000 - 0x00007fff91d15000 	C:\WINDOWS\SYSTEM32\profapi.dll
0x00007fff80f10000 - 0x00007fff80f29000 	C:\Program Files\Android\Android Studio\jbr\bin\net.dll
0x00007fff81af0000 - 0x00007fff81bfa000 	C:\WINDOWS\SYSTEM32\WINHTTP.dll
0x00007fff914e0000 - 0x00007fff9154a000 	C:\WINDOWS\system32\mswsock.dll
0x00007fff80ef0000 - 0x00007fff80f06000 	C:\Program Files\Android\Android Studio\jbr\bin\nio.dll
0x00007fff87db0000 - 0x00007fff87dc0000 	C:\Program Files\Android\Android Studio\jbr\bin\verify.dll

dbghelp: loaded successfully - version: 4.0.5 - missing functions: none
symbol engine: initialized successfully - sym options: 0x614 - pdb path: .;C:\Program Files\Android\Android Studio\jbr\bin;C:\WINDOWS\SYSTEM32;C:\Program Files\Avast Software\Avast;C:\WINDOWS\WinSxS\amd64_microsoft.windows.common-controls_6595b64144ccf1df_6.0.19041.3636_none_60b6a03d71f818d5;C:\Program Files\Android\Android Studio\jbr\bin\server

VM Arguments:
java_command: org.jetbrains.kotlin.cli.jvm.K2JVMCompiler @C:\Users\NICOLAS\Documents\AndroidStudio\Parcial2\app\build\20240405_8890525410237957366.compiler.options
java_class_path (initial): C:\Users\NICOLAS\.gradle\caches\modules-2\files-2.1\org.jetbrains.kotlin\kotlin-compiler-embeddable\1.9.0\2c8c3a7402becca891f12739b3e9fd2dc2adbd7a\kotlin-compiler-embeddable-1.9.0.jar;C:\Users\NICOLAS\.gradle\caches\modules-2\files-2.1\org.jetbrains.kotlin\kotlin-stdlib\1.9.0\8ee15ef0c67dc83d874f412d84378d7f0eb50b63\kotlin-stdlib-1.9.0.jar;C:\Users\NICOLAS\.gradle\caches\modules-2\files-2.1\org.jetbrains.kotlin\kotlin-script-runtime\1.9.0\4b3102cbbb7e1b58d9d1adf89563f00069ffa7d1\kotlin-script-runtime-1.9.0.jar;C:\Users\NICOLAS\.gradle\caches\modules-2\files-2.1\org.jetbrains.kotlin\kotlin-reflect\1.6.10\1cbe9c92c12a94eea200d23c2bbaedaf3daf5132\kotlin-reflect-1.6.10.jar;C:\Users\NICOLAS\.gradle\caches\modules-2\files-2.1\org.jetbrains.kotlin\kotlin-daemon-embeddable\1.9.0\186543f5e28cf8d9a0290fecc2cf34301c40a65c\kotlin-daemon-embeddable-1.9.0.jar;C:\Users\NICOLAS\.gradle\caches\modules-2\files-2.1\org.jetbrains.intellij.deps\trove4j\1.0.20200330\3afb14d5f9ceb459d724e907a21145e8ff394f02\trove4j-1.0.20200330.jar;C:\Users\NICOLAS\.gradle\caches\modules-2\files-2.1\org.jetbrains.kotlin\kotlin-stdlib-common\1.9.0\cd65c21cfd1eec4d44ef09f9f52b6d9f8a720636\kotlin-stdlib-common-1.9.0.jar;C:\Users\NICOLAS\.gradle\caches\modules-2\files-2.1\org.jetbrains\annotations\13.0\919f0dfe192fb4e063e7dacadee7f8bb9a2672a9\annotations-13.0.jar
Launcher Type: SUN_STANDARD

[Global flags]
     intx CICompilerCount                          = 3                                         {product} {ergonomic}
     uint ConcGCThreads                            = 1                                         {product} {ergonomic}
     uint G1ConcRefinementThreads                  = 4                                         {product} {ergonomic}
   size_t G1HeapRegionSize                         = 1048576                                   {product} {ergonomic}
    uintx GCDrainStackTargetSize                   = 64                                        {product} {ergonomic}
   size_t InitialHeapSize                          = 67108864                                  {product} {ergonomic}
   size_t MarkStackSize                            = 4194304                                   {product} {ergonomic}
   size_t MaxHeapSize                              = 1042284544                                {product} {ergonomic}
   size_t MaxNewSize                               = 624951296                                 {product} {ergonomic}
   size_t MinHeapDeltaBytes                        = 1048576                                   {product} {ergonomic}
   size_t MinHeapSize                              = 8388608                                   {product} {ergonomic}
    uintx NonNMethodCodeHeapSize                   = 5832780                                {pd product} {ergonomic}
    uintx NonProfiledCodeHeapSize                  = 122912730                              {pd product} {ergonomic}
    uintx ProfiledCodeHeapSize                     = 122912730                              {pd product} {ergonomic}
    uintx ReservedCodeCacheSize                    = 251658240                              {pd product} {ergonomic}
     bool SegmentedCodeCache                       = true                                      {product} {ergonomic}
   size_t SoftMaxHeapSize                          = 1042284544                             {manageable} {ergonomic}
     bool UseCompressedClassPointers               = true                           {product lp64_product} {ergonomic}
     bool UseCompressedOops                        = true                           {product lp64_product} {ergonomic}
     bool UseG1GC                                  = true                                      {product} {ergonomic}
     bool UseLargePagesIndividualAllocation        = false                                  {pd product} {ergonomic}

Logging:
Log output configuration:
 #0: stdout all=warning uptime,level,tags
 #1: stderr all=off uptime,level,tags

Environment Variables:
JAVA_HOME=C:\Program Files\Java\jdk-13
PATH=C:\Python312\Scripts\;C:\Python312\;C:\OracleXE\dbhomeXE\bin;C:\WINDOWS\system32;C:\WINDOWS;C:\WINDOWS\System32\Wbem;C:\WINDOWS\System32\WindowsPowerShell\v1.0\;C:\WINDOWS\System32\OpenSSH\;C:\Program Files\Git\cmd;C:\Program Files\Java\jdk-13\bin;C:\Program Files\Java\jdk-13\bin;C:\Program Files\nodejs\;C:\ProgramData\chocolatey\bin;C:\Flutter_SDK\flutter\bin;"C:\Users\NICOLAS\AppData\Local\Microsoft\WindowsApps;C:\Program Files\Java\jdk-13\bin";C:\Program Files\JetBrains\PyCharm Community Edition 2022.3.1\bin;;C:\Users\NICOLAS\AppData\Roaming\npm;
USERNAME=NICOLAS
OS=Windows_NT
PROCESSOR_IDENTIFIER=Intel64 Family 6 Model 78 Stepping 3, GenuineIntel
TMP=C:\Users\NICOLAS\AppData\Local\Temp
TEMP=C:\Users\NICOLAS\AppData\Local\Temp


JNI global refs:
JNI global refs: 8, weak refs: 2

JNI global refs memory usage: 843, weak refs: 841


---------------  S Y S T E M  ---------------

OS:
 Windows 10 , 64 bit Build 19041 (10.0.19041.3636)
OS uptime: 0 days 0:49 hours

CPU: total 4 (initial active 4) (2 cores per cpu, 2 threads per core) family 6 model 78 stepping 3 microcode 0xcc, cx8, cmov, fxsr, ht, mmx, 3dnowpref, sse, sse2, sse3, ssse3, sse4.1, sse4.2, popcnt, lzcnt, tsc, tscinvbit, avx, avx2, aes, erms, clmul, bmi1, bmi2, adx, fma, vzeroupper, clflush, clflushopt

Memory: 4k page, system-wide physical 3971M (211M free)
TotalPageFile size 8067M (AvailPageFile size 4M)
current process WorkingSet (physical memory assigned to process): 174M, peak: 175M
current process commit charge ("private bytes"): 209M, peak: 210M

vm_info: OpenJDK 64-Bit Server VM (17.0.6+0-b2043.56-10027231) for windows-amd64 JRE (17.0.6+0-b2043.56-10027231), built on Apr 28 2023 00:43:19 by "androidbuild" with MS VC++ 16.10 / 16.11 (VS2019)

END.
